2016/06/02 15:47:29 INFO  - jmeter.util.JMeterUtils: Setting Locale to en_IN 
2016/06/02 15:47:29 INFO  - jmeter.JMeter: Loading user properties from: /usr/share/jmeter/bin/user.properties 
2016/06/02 15:47:29 INFO  - jmeter.JMeter: Loading system properties from: /usr/share/jmeter/bin/system.properties 
2016/06/02 15:47:29 INFO  - jmeter.JMeter: Copyright (c) 1998-2014 The Apache Software Foundation 
2016/06/02 15:47:29 INFO  - jmeter.JMeter: Version 2.11.20150716 
2016/06/02 15:47:29 INFO  - jmeter.JMeter: java.version=1.7.0_95 
2016/06/02 15:47:29 INFO  - jmeter.JMeter: java.vm.name=OpenJDK 64-Bit Server VM 
2016/06/02 15:47:29 INFO  - jmeter.JMeter: os.name=Linux 
2016/06/02 15:47:29 INFO  - jmeter.JMeter: os.arch=amd64 
2016/06/02 15:47:29 INFO  - jmeter.JMeter: os.version=3.19.0-58-generic 
2016/06/02 15:47:29 INFO  - jmeter.JMeter: file.encoding=UTF-8 
2016/06/02 15:47:29 INFO  - jmeter.JMeter: Default Locale=English (India) 
2016/06/02 15:47:29 INFO  - jmeter.JMeter: JMeter  Locale=English (India) 
2016/06/02 15:47:29 INFO  - jmeter.JMeter: JMeterHome=/usr/share/jmeter 
2016/06/02 15:47:29 INFO  - jmeter.JMeter: user.dir  =/var/www/html/webtest 
2016/06/02 15:47:29 INFO  - jmeter.JMeter: PWD       =/var/www/html/webtest 
2016/06/02 15:47:29 INFO  - jmeter.JMeter: IP: 127.0.1.1 Name: livai-Inspiron-5558 FullName: livai-Inspiron-5558 
2016/06/02 15:47:29 INFO  - jmeter.JMeter: Loaded icon properties from org/apache/jmeter/images/icon.properties 
2016/06/02 15:47:31 INFO  - jmeter.engine.util.CompoundVariable: Note: Function class names must contain the string: '.functions.' 
2016/06/02 15:47:31 INFO  - jmeter.engine.util.CompoundVariable: Note: Function class names must not contain the string: '.gui.' 
2016/06/02 15:47:31 INFO  - jmeter.gui.action.LookAndFeelCommand: Using look and feel: javax.swing.plaf.metal.MetalLookAndFeel [Metal, CrossPlatform] 
2016/06/02 15:47:34 INFO  - jmeter.util.BSFTestElement: Registering JMeter version of JavaScript engine as work-round for BSF-22 
2016/06/02 15:47:34 INFO  - jmeter.protocol.http.sampler.HTTPSamplerBase: Cannot find .className property for htmlParser, using default 
2016/06/02 15:47:34 INFO  - jmeter.protocol.http.sampler.HTTPSamplerBase: Parser for text/html is  
2016/06/02 15:47:34 INFO  - jmeter.protocol.http.sampler.HTTPSamplerBase: Parser for application/xhtml+xml is  
2016/06/02 15:47:34 INFO  - jmeter.protocol.http.sampler.HTTPSamplerBase: Parser for application/xml is  
2016/06/02 15:47:34 INFO  - jmeter.protocol.http.sampler.HTTPSamplerBase: Parser for text/xml is  
2016/06/02 15:47:34 INFO  - jmeter.protocol.http.sampler.HTTPSamplerBase: Parser for text/vnd.wap.wml is org.apache.jmeter.protocol.http.parser.RegexpHTMLParser 
2016/06/02 15:47:34 INFO  - jmeter.gui.util.MenuFactory: Skipping org.apache.jmeter.protocol.http.modifier.gui.ParamModifierGui 
2016/06/02 15:47:35 INFO  - jorphan.exec.KeyToolUtils: keytool found at 'keytool' 
2016/06/02 15:47:35 INFO  - jmeter.protocol.http.proxy.ProxyControl: HTTP(S) Test Script Recorder SSL Proxy will use keys that support embedded 3rd party resources in file /usr/share/jmeter/bin/proxyserver.jks 
2016/06/02 15:47:35 INFO  - jmeter.samplers.SampleResult: Note: Sample TimeStamps are START times 
2016/06/02 15:47:35 INFO  - jmeter.samplers.SampleResult: sampleresult.default.encoding is set to ISO-8859-1 
2016/06/02 15:47:35 INFO  - jmeter.samplers.SampleResult: sampleresult.useNanoTime=true 
2016/06/02 15:47:35 INFO  - jmeter.samplers.SampleResult: sampleresult.nanoThreadSleep=5000 
2016/06/02 15:47:41 INFO  - jmeter.services.FileServer: Default base='/var/www/html/webtest' 
2016/06/02 15:47:41 INFO  - jmeter.gui.action.Load: Loading file: /home/livai/Downloads/Previous/LivDialer Users.jmx 
2016/06/02 15:47:41 INFO  - jmeter.services.FileServer: Set new base='/home/livai/Downloads/Previous' 
2016/06/02 15:47:41 INFO  - jmeter.save.SaveService: Testplan (JMX) version: 2.2. Testlog (JTL) version: 2.2 
2016/06/02 15:47:41 INFO  - jmeter.save.SaveService: Using SaveService properties file encoding UTF-8 
2016/06/02 15:47:41 INFO  - jmeter.save.SaveService: Using SaveService properties version 2.6 
2016/06/02 15:47:41 INFO  - jmeter.save.SaveService: Using SaveService properties file version 1554411 
2016/06/02 15:47:41 INFO  - jmeter.save.SaveService: All converter versions present and correct 
2016/06/02 15:47:42 INFO  - jmeter.services.FileServer: Set new base='/home/livai/Downloads/Previous' 
